<?xml version="1.0" encoding="UTF-8"?>
<!-- Generated by org.testng.reporters.JUnitReportReporter -->
<testsuite skipped="0" hostname="DESKTOP-CBLEUAT" name="com.testNG.testNG" tests="1" failures="0" timestamp="15 Mar 2020 21:18:59 GMT" time="3.213" errors="0">
  <testcase name="getTrip" time="3.213" classname="com.testNG.testNG"/>
</testsuite> <!-- com.testNG.testNG -->
