<?xml version="1.0" encoding="UTF-8"?>
<!-- Generated by org.testng.reporters.JUnitReportReporter -->
<testsuite skipped="0" hostname="DESKTOP-CBLEUAT" name="com.runner.NewToursRunner" tests="8" failures="0" timestamp="15 Mar 2020 23:40:29 GMT" time="92.678" errors="0">
  <testcase name="runScenario" time="11.490" classname="com.runner.NewToursRunner"/>
  <testcase name="runScenario" time="11.924" classname="com.runner.NewToursRunner"/>
  <testcase name="runScenario" time="11.485" classname="com.runner.NewToursRunner"/>
  <testcase name="runScenario" time="11.456" classname="com.runner.NewToursRunner"/>
  <testcase name="runScenario" time="11.480" classname="com.runner.NewToursRunner"/>
  <testcase name="runScenario" time="10.963" classname="com.runner.NewToursRunner"/>
  <testcase name="runScenario" time="11.883" classname="com.runner.NewToursRunner"/>
  <testcase name="runScenario" time="11.997" classname="com.runner.NewToursRunner"/>
</testsuite> <!-- com.runner.NewToursRunner -->
